<?xml version="1.0" encoding="UTF-8"?>
<robot generator="Robot 7.4.1 (Python 3.13.7 on win32)" generated="2026-02-13T11:28:41.305509" rpa="false" schemaversion="5">
<suite id="s1" name="Robot Test" source="C:\Users\rahul\Wipro2026\Python_Wipro\Hospital Management System\robot_test.robot">
<test id="s1-t1" name="Register Patient" line="5">
<kw name="Open Browser" owner="SeleniumLibrary">
<msg time="2026-02-13T11:28:42.076798" level="INFO">Opening browser 'chrome' to base url 'http://127.0.0.1:5000'.</msg>
<arg>http://127.0.0.1:5000</arg>
<arg>chrome</arg>
<doc>Opens a new browser instance to the optional ``url``.</doc>
<status status="PASS" start="2026-02-13T11:28:42.076199" elapsed="1.335713"/>
</kw>
<kw name="Input Text" owner="SeleniumLibrary">
<msg time="2026-02-13T11:28:43.413866" level="INFO">Typing text 'Rahul' into text field 'name=name'.</msg>
<arg>name=name</arg>
<arg>Rahul</arg>
<doc>Types the given ``text`` into the text field identified by ``locator``.</doc>
<status status="PASS" start="2026-02-13T11:28:43.412953" elapsed="0.223036"/>
</kw>
<kw name="Input Text" owner="SeleniumLibrary">
<msg time="2026-02-13T11:28:43.637504" level="INFO">Typing text '24' into text field 'name=age'.</msg>
<arg>name=age</arg>
<arg>24</arg>
<doc>Types the given ``text`` into the text field identified by ``locator``.</doc>
<status status="PASS" start="2026-02-13T11:28:43.636809" elapsed="0.196237"/>
</kw>
<kw name="Click Element" owner="SeleniumLibrary">
<msg time="2026-02-13T11:28:43.834391" level="INFO">Clicking element 'xpath=//input[@value="Male"]'.</msg>
<arg>xpath=//input[@value="Male"]</arg>
<doc>Click the element identified by ``locator``.</doc>
<status status="PASS" start="2026-02-13T11:28:43.833863" elapsed="0.159988"/>
</kw>
<kw name="Input Text" owner="SeleniumLibrary">
<msg time="2026-02-13T11:28:43.995062" level="INFO">Typing text '9999999999' into text field 'name=contact'.</msg>
<arg>name=contact</arg>
<arg>9999999999</arg>
<doc>Types the given ``text`` into the text field identified by ``locator``.</doc>
<status status="PASS" start="2026-02-13T11:28:43.994594" elapsed="0.268342"/>
</kw>
<kw name="Input Text" owner="SeleniumLibrary">
<msg time="2026-02-13T11:28:44.264383" level="INFO">Typing text 'Fever' into text field 'name=disease'.</msg>
<arg>name=disease</arg>
<arg>Fever</arg>
<doc>Types the given ``text`` into the text field identified by ``locator``.</doc>
<status status="PASS" start="2026-02-13T11:28:44.263801" elapsed="0.209016"/>
</kw>
<kw name="Select From List By Label" owner="SeleniumLibrary">
<msg time="2026-02-13T11:28:44.474092" level="INFO">Selecting options from selection list 'name=doctor' by label Dr. Smith.</msg>
<arg>name=doctor</arg>
<arg>Dr. Smith</arg>
<doc>Selects options from selection list ``locator`` by ``labels``.</doc>
<status status="PASS" start="2026-02-13T11:28:44.473545" elapsed="0.156114"/>
</kw>
<kw name="Sleep" owner="BuiltIn">
<msg time="2026-02-13T11:28:46.631348" level="INFO">Slept 2 seconds.</msg>
<arg>2</arg>
<doc>Pauses the test executed for the given time.</doc>
<status status="PASS" start="2026-02-13T11:28:44.630403" elapsed="2.001208"/>
</kw>
<kw name="Close Browser" owner="SeleniumLibrary">
<doc>Closes the current browser.</doc>
<status status="PASS" start="2026-02-13T11:28:46.632598" elapsed="2.332943"/>
</kw>
<status status="PASS" start="2026-02-13T11:28:42.074323" elapsed="6.892275"/>
</test>
<status status="PASS" start="2026-02-13T11:28:41.309863" elapsed="7.658467"/>
</suite>
<statistics>
<total>
<stat pass="1" fail="0" skip="0">All Tests</stat>
</total>
<tag>
</tag>
<suite>
<stat name="Robot Test" id="s1" pass="1" fail="0" skip="0">Robot Test</stat>
</suite>
</statistics>
<errors>
</errors>
</robot>
