<?xml version="1.0" encoding="UTF-8"?>
<robot generator="Robot 7.4.1 (Python 3.13.7 on win32)" generated="2026-02-02T16:48:59.746730" rpa="false" schemaversion="5">
<suite id="s1" name="Setup Teardown" source="C:\Users\rahul\Wipro2026\Python_Wipro\LabAssesments\Day 14\setup_teardown.robot">
<kw name="Log To Console" owner="BuiltIn" type="SETUP">
<arg>=== Suite Setup Started ===</arg>
<doc>Logs the given message to the console.</doc>
<status status="PASS" start="2026-02-02T16:48:59.849510" elapsed="0.001817"/>
</kw>
<test id="s1-t1" name="Sample Test Case One" line="10">
<kw name="Log To Console" owner="BuiltIn" type="SETUP">
<arg>--- Test Setup ---</arg>
<doc>Logs the given message to the console.</doc>
<status status="PASS" start="2026-02-02T16:48:59.852982" elapsed="0.000795"/>
</kw>
<kw name="Log" owner="BuiltIn">
<msg time="2026-02-02T16:48:59.854899" level="INFO">Executing Sample Test Case One</msg>
<arg>Executing Sample Test Case One</arg>
<doc>Logs the given message with the given level.</doc>
<status status="PASS" start="2026-02-02T16:48:59.854394" elapsed="0.000601"/>
</kw>
<kw name="Log To Console" owner="BuiltIn">
<arg>Test Case One Executed</arg>
<doc>Logs the given message to the console.</doc>
<status status="PASS" start="2026-02-02T16:48:59.855440" elapsed="0.000858"/>
</kw>
<kw name="Log To Console" owner="BuiltIn" type="TEARDOWN">
<arg>--- Test Teardown ---</arg>
<doc>Logs the given message to the console.</doc>
<status status="PASS" start="2026-02-02T16:48:59.856781" elapsed="0.000884"/>
</kw>
<tag>smoke</tag>
<status status="PASS" start="2026-02-02T16:48:59.851769" elapsed="0.006221"/>
</test>
<kw name="Log To Console" owner="BuiltIn" type="TEARDOWN">
<arg>=== Suite Teardown Completed ===</arg>
<doc>Logs the given message to the console.</doc>
<status status="PASS" start="2026-02-02T16:48:59.860030" elapsed="0.007070"/>
</kw>
<status status="PASS" start="2026-02-02T16:48:59.750424" elapsed="0.116948"/>
</suite>
<statistics>
<total>
<stat pass="1" fail="0" skip="0">All Tests</stat>
</total>
<tag>
<stat pass="1" fail="0" skip="0">smoke</stat>
</tag>
<suite>
<stat name="Setup Teardown" id="s1" pass="1" fail="0" skip="0">Setup Teardown</stat>
</suite>
</statistics>
<errors>
</errors>
</robot>
